<?xml version="1.0" encoding="UTF-8"?>
<!-- Generated by org.testng.reporters.JUnitReportReporter -->
<testsuite hostname="DESKTOP-SCVHI3C" failures="0" tests="1" name="testCases.TC_002_LoginTest" time="1.776" errors="0" timestamp="2024-12-21T02:01:18 PST" skipped="0">
  <testcase classname="testCases.TC_002_LoginTest" name="verify_login" time="1.776"/>
</testsuite> <!-- testCases.TC_002_LoginTest -->
