<?xml version="1.0" encoding="UTF-8"?>
<!-- Generated by org.testng.reporters.JUnitReportReporter -->
<testsuite hostname="DESKTOP-SCVHI3C" failures="0" tests="1" name="testCases.TC001_AccountRegistrationTest" time="3.360" errors="0" timestamp="2024-12-21T08:03:41 PST" skipped="0">
  <testcase classname="testCases.TC001_AccountRegistrationTest" name="verify_account_registration" time="3.360"/>
</testsuite> <!-- testCases.TC001_AccountRegistrationTest -->
